nohup: ignoring input

  .   ____          _            __ _ _
 /\\ / ___'_ __ _ _(_)_ __  __ _ \ \ \ \
( ( )\___ | '_ | '_| | '_ \/ _` | \ \ \ \
 \\/  ___)| |_)| | | | | || (_| |  ) ) ) )
  '  |____| .__|_| |_|_| |_\__, | / / / /
 =========|_|==============|___/=/_/_/_/
 :: Spring Boot ::        (v2.1.2.RELEASE)

2024-04-03 07:11:53.952  INFO 5882 --- [           main] c.j.s.b.d.d.SpringBootDockerApplication  : Starting SpringBootDockerApplication v0.0.1-SNAPSHOT on ip-172-31-42-223 with PID 5882 (/home/ubuntu/Dockerfiles-SampleApps/Java/target/spring-boot-docker.jar started by ubuntu in /home/ubuntu/Dockerfiles-SampleApps/Java/target)
2024-04-03 07:11:53.959  INFO 5882 --- [           main] c.j.s.b.d.d.SpringBootDockerApplication  : No active profile set, falling back to default profiles: default
2024-04-03 07:11:56.453  INFO 5882 --- [           main] o.s.b.w.embedded.tomcat.TomcatWebServer  : Tomcat initialized with port(s): 8080 (http)
2024-04-03 07:11:56.507  INFO 5882 --- [           main] o.apache.catalina.core.StandardService   : Starting service [Tomcat]
2024-04-03 07:11:56.509  INFO 5882 --- [           main] org.apache.catalina.core.StandardEngine  : Starting Servlet engine: [Apache Tomcat/9.0.14]
2024-04-03 07:11:56.522  INFO 5882 --- [           main] o.a.catalina.core.AprLifecycleListener   : The APR based Apache Tomcat Native library which allows optimal performance in production environments was not found on the java.library.path: [/usr/java/packages/lib:/usr/lib/x86_64-linux-gnu/jni:/lib/x86_64-linux-gnu:/usr/lib/x86_64-linux-gnu:/usr/lib/jni:/lib:/usr/lib]
2024-04-03 07:11:56.655  INFO 5882 --- [           main] o.a.c.c.C.[Tomcat].[localhost].[/]       : Initializing Spring embedded WebApplicationContext
2024-04-03 07:11:56.655  INFO 5882 --- [           main] o.s.web.context.ContextLoader            : Root WebApplicationContext: initialization completed in 2534 ms
2024-04-03 07:11:57.010  INFO 5882 --- [           main] o.s.s.concurrent.ThreadPoolTaskExecutor  : Initializing ExecutorService 'applicationTaskExecutor'
2024-04-03 07:11:57.337  INFO 5882 --- [           main] o.s.b.w.embedded.tomcat.TomcatWebServer  : Tomcat started on port(s): 8080 (http) with context path ''
2024-04-03 07:11:57.343  INFO 5882 --- [           main] c.j.s.b.d.d.SpringBootDockerApplication  : Started SpringBootDockerApplication in 4.35 seconds (JVM running for 5.03)
2024-04-03 07:11:59.640  INFO 5882 --- [nio-8080-exec-1] o.a.c.c.C.[Tomcat].[localhost].[/]       : Initializing Spring DispatcherServlet 'dispatcherServlet'
2024-04-03 07:11:59.641  INFO 5882 --- [nio-8080-exec-1] o.s.web.servlet.DispatcherServlet        : Initializing Servlet 'dispatcherServlet'
2024-04-03 07:11:59.653  INFO 5882 --- [nio-8080-exec-1] o.s.web.servlet.DispatcherServlet        : Completed initialization in 12 ms
2024-04-03 07:36:58.428  INFO 5882 --- [       Thread-2] o.s.s.concurrent.ThreadPoolTaskExecutor  : Shutting down ExecutorService 'applicationTaskExecutor'
